<?xml version="1.0" encoding="UTF-8"?>
<!-- Generated by org.testng.reporters.JUnitReportReporter -->
<testsuite skipped="0" hostname="LAPTOP-6CIFSMOV" name="com.urbanladder.runner.Runner" tests="10" failures="0" timestamp="2021-09-27T18:25:52 IST" time="75.760" errors="0">
  <testcase name="Login" time="10.365" classname="com.urbanladder.runner.Runner"/>
  <system-out/>
  <testcase name="DiningTable" time="1.840" classname="com.urbanladder.runner.Runner"/>
  <system-out/>
  <testcase name="Sale" time="9.948" classname="com.urbanladder.runner.Runner"/>
  <system-out/>
  <testcase name="Living" time="8.504" classname="com.urbanladder.runner.Runner"/>
  <system-out/>
  <testcase name="Bedroom" time="8.354" classname="com.urbanladder.runner.Runner"/>
  <system-out/>
  <testcase name="Storage" time="8.968" classname="com.urbanladder.runner.Runner"/>
  <system-out/>
  <testcase name="Study" time="8.283" classname="com.urbanladder.runner.Runner"/>
  <system-out/>
  <testcase name="Kids" time="8.002" classname="com.urbanladder.runner.Runner"/>
  <system-out/>
  <testcase name="GiftCard" time="9.455" classname="com.urbanladder.runner.Runner"/>
  <system-out/>
  <testcase name="BulkOrder" time="2.041" classname="com.urbanladder.runner.Runner"/>
  <system-out/>
</testsuite> <!-- com.urbanladder.runner.Runner -->
